#
# A fatal error has been detected by the Java Runtime Environment:
#
#  Internal Error (classFileParser.cpp:3174), pid=31496, tid=21164
#  Error: ShouldNotReachHere()
#
# JRE version: 6.0_20-b02
# Java VM: Java HotSpot(TM) Client VM (16.3-b01 mixed mode windows-x86 )
# If you would like to submit a bug report, please visit:
#   http://java.sun.com/webapps/bugreport/crash.jsp
#

---------------  T H R E A D  ---------------

Current thread (0x019d9800):  JavaThread "Unknown thread" [_thread_in_vm, id=21164, stack(0x00890000,0x008e0000)]

Stack: [0x00890000,0x008e0000],  sp=0x008df880,  free space=13e008df890k
Native frames: (J=compiled Java code, j=interpreted, Vv=VM code, C=native code)
V  [jvm.dll+0x1f4180]
V  [jvm.dll+0xa1e29]
V  [jvm.dll+0x74a41]
V  [jvm.dll+0x760e4]
V  [jvm.dll+0x1c26a5]
V  [jvm.dll+0x1c2ddd]
V  [jvm.dll+0x1c3195]
V  [jvm.dll+0x1c31db]
V  [jvm.dll+0x1c3302]
V  [jvm.dll+0x1c337a]
V  [jvm.dll+0x1c382d]
V  [jvm.dll+0x1c3c32]
V  [jvm.dll+0x1e40b3]
V  [jvm.dll+0x1e448c]
V  [jvm.dll+0xd89c1]
V  [jvm.dll+0x1ddcd8]
V  [jvm.dll+0x102e10]
C  [javaw.exe+0x1657]
C  [javaw.exe+0x1e2c]
C  [javaw.exe+0x8614]
C  [kernel32.dll+0x4d0e9]
C  [ntdll.dll+0x419bb]
C  [ntdll.dll+0x4198e]


---------------  P R O C E S S  ---------------

Java Threads: ( => current thread )

Other Threads:

=>0x019d9800 (exited) JavaThread "Unknown thread" [_thread_in_vm, id=21164, stack(0x00890000,0x008e0000)]

VM state:not at safepoint (not fully initialized)

VM Mutex/Monitor currently owned by a thread: None

Dynamic libraries:
0x00400000 - 0x00424000 	C:\Program Files\Java\jre6\bin\javaw.exe
0x76fe0000 - 0x77107000 	C:\Windows\system32\ntdll.dll
0x76d40000 - 0x76e1c000 	C:\Windows\system32\kernel32.dll
0x77170000 - 0x77236000 	C:\Windows\system32\ADVAPI32.dll
0x76990000 - 0x76a53000 	C:\Windows\system32\RPCRT4.dll
0x76820000 - 0x768bd000 	C:\Windows\system32\USER32.dll
0x76940000 - 0x7698b000 	C:\Windows\system32\GDI32.dll
0x77150000 - 0x7716e000 	C:\Windows\system32\IMM32.DLL
0x76e20000 - 0x76ee8000 	C:\Windows\system32\MSCTF.dll
0x76770000 - 0x7681a000 	C:\Windows\system32\msvcrt.dll
0x76350000 - 0x76359000 	C:\Windows\system32\LPK.DLL
0x768c0000 - 0x7693d000 	C:\Windows\system32\USP10.dll
0x6c1b0000 - 0x6c1b5000 	C:\Windows\system32\avgrsstx.dll
0x7c340000 - 0x7c396000 	C:\Program Files\Java\jre6\bin\msvcr71.dll
0x6d800000 - 0x6da97000 	C:\Program Files\Java\jre6\bin\client\jvm.dll
0x73a10000 - 0x73a42000 	C:\Windows\system32\WINMM.dll
0x76a60000 - 0x76ba5000 	C:\Windows\system32\ole32.dll
0x756a0000 - 0x7572d000 	C:\Windows\system32\OLEAUT32.dll
0x739d0000 - 0x73a0d000 	C:\Windows\system32\OLEACC.dll
0x754c0000 - 0x754ec000 	C:\Windows\system32\apphelp.dll
0x6d7b0000 - 0x6d7bc000 	C:\Program Files\Java\jre6\bin\verify.dll
0x6d330000 - 0x6d34f000 	C:\Program Files\Java\jre6\bin\java.dll
0x6d290000 - 0x6d298000 	C:\Program Files\Java\jre6\bin\hpi.dll
0x755f0000 - 0x755f7000 	C:\Windows\system32\PSAPI.DLL
0x6d7f0000 - 0x6d7ff000 	C:\Program Files\Java\jre6\bin\zip.dll

VM Arguments:
jvm_args: -Dfile.encoding=Cp1252 -Xbootclasspath:C:\Users\BEEP\Desktop\ANDROIDING\android-sdk-windows\platforms\android-1.5\android.jar 
java_command: aaaaaaaaaaaaa.FlowXMLParser
Launcher Type: SUN_STANDARD

Environment Variables:
JAVA_HOME=C:\java\jdk1.6.0_01\jre
CLASSPATH=.;..;C:\TIJ4\code;C:\Program Files\Java\jre6\lib\ext\QTJava.zip
PATH=C:/Program Files/Java/jre6/bin/client;C:/Program Files/Java/jre6/bin;C:\Windows\system32;C:\Windows;C:\Windows\System32\Wbem;C:\Program Files\Common Files\Adobe\AGL;C:\java\apache-ant-1.7.0\bin;C:\java\jdk1.6.0_01\bin;C:\Program Files\MySQL\MySQL Server 5.0\bin;C:\Program Files\Common Files\Teleca Shared;C:\Program Files\QuickTime\QTSystem\;C:\Windows\System32\WindowsPowerShell\v1.0\;C:\java\jdk1.6.0_01\lib
USERNAME=BEEP
OS=Windows_NT
PROCESSOR_IDENTIFIER=x86 Family 6 Model 15 Stepping 11, GenuineIntel



---------------  S Y S T E M  ---------------

OS: Windows Vista Build 6002 Service Pack 2

CPU:total 4 (4 cores per cpu, 1 threads per core) family 6 model 15 stepping 11, cmov, cx8, fxsr, mmx, sse, sse2, sse3, ssse3

Memory: 4k page, physical 3406348k(1478364k free), swap 7028988k(5382276k free)

vm_info: Java HotSpot(TM) Client VM (16.3-b01) for windows-x86 JRE (1.6.0_20-b02), built on Apr 12 2010 13:52:23 by "java_re" with MS VC++ 7.1 (VS2003)

time: Sat Jun 05 05:11:44 2010
elapsed time: 0 seconds

